Determining if the pthread_create exist failed with the following output:
Change Dir: /home/divine/ORB_SLAM2_dynamic/dynamic/detect/build/CMakeFiles/CMakeTmp

Run Build Command:"/usr/bin/make" "cmTC_0d348/fast"
/usr/bin/make -f CMakeFiles/cmTC_0d348.dir/build.make CMakeFiles/cmTC_0d348.dir/build
make[1]: Entering directory '/home/divine/ORB_SLAM2_dynamic/dynamic/detect/build/CMakeFiles/CMakeTmp'
Building C object CMakeFiles/cmTC_0d348.dir/CheckSymbolExists.c.o
/usr/bin/cc    -fPIC    -o CMakeFiles/cmTC_0d348.dir/CheckSymbolExists.c.o   -c /home/divine/ORB_SLAM2_dynamic/dynamic/detect/build/CMakeFiles/CMakeTmp/CheckSymbolExists.c
Linking C executable cmTC_0d348
/usr/bin/cmake -E cmake_link_script CMakeFiles/cmTC_0d348.dir/link.txt --verbose=1
/usr/bin/cc  -fPIC     CMakeFiles/cmTC_0d348.dir/CheckSymbolExists.c.o  -o cmTC_0d348 
CMakeFiles/cmTC_0d348.dir/CheckSymbolExists.c.o: In function `main':
CheckSymbolExists.c:(.text+0x1b): undefined reference to `pthread_create'
collect2: error: ld returned 1 exit status
CMakeFiles/cmTC_0d348.dir/build.make:97: recipe for target 'cmTC_0d348' failed
make[1]: *** [cmTC_0d348] Error 1
make[1]: Leaving directory '/home/divine/ORB_SLAM2_dynamic/dynamic/detect/build/CMakeFiles/CMakeTmp'
Makefile:126: recipe for target 'cmTC_0d348/fast' failed
make: *** [cmTC_0d348/fast] Error 2

File /home/divine/ORB_SLAM2_dynamic/dynamic/detect/build/CMakeFiles/CMakeTmp/CheckSymbolExists.c:
/* */
#include <pthread.h>

int main(int argc, char** argv)
{
  (void)argv;
#ifndef pthread_create
  return ((int*)(&pthread_create))[argc];
#else
  (void)argc;
  return 0;
#endif
}

Determining if the function pthread_create exists in the pthreads failed with the following output:
Change Dir: /home/divine/ORB_SLAM2_dynamic/dynamic/detect/build/CMakeFiles/CMakeTmp

Run Build Command:"/usr/bin/make" "cmTC_23925/fast"
/usr/bin/make -f CMakeFiles/cmTC_23925.dir/build.make CMakeFiles/cmTC_23925.dir/build
make[1]: Entering directory '/home/divine/ORB_SLAM2_dynamic/dynamic/detect/build/CMakeFiles/CMakeTmp'
Building C object CMakeFiles/cmTC_23925.dir/CheckFunctionExists.c.o
/usr/bin/cc    -fPIC -DCHECK_FUNCTION_EXISTS=pthread_create   -o CMakeFiles/cmTC_23925.dir/CheckFunctionExists.c.o   -c /usr/share/cmake-3.5/Modules/CheckFunctionExists.c
Linking C executable cmTC_23925
/usr/bin/cmake -E cmake_link_script CMakeFiles/cmTC_23925.dir/link.txt --verbose=1
/usr/bin/cc  -fPIC -DCHECK_FUNCTION_EXISTS=pthread_create    CMakeFiles/cmTC_23925.dir/CheckFunctionExists.c.o  -o cmTC_23925 -lpthreads 
/usr/bin/ld: cannot find -lpthreads
collect2: error: ld returned 1 exit status
CMakeFiles/cmTC_23925.dir/build.make:97: recipe for target 'cmTC_23925' failed
make[1]: *** [cmTC_23925] Error 1
make[1]: Leaving directory '/home/divine/ORB_SLAM2_dynamic/dynamic/detect/build/CMakeFiles/CMakeTmp'
Makefile:126: recipe for target 'cmTC_23925/fast' failed
make: *** [cmTC_23925/fast] Error 2


